<component name="libraryTable">
  <library name="junit-4.12">
    <CLASSES>
      <root url="jar://$USER_HOME$/Java/junit-4.12.jar!/" />
      <root url="jar://$PROJECT_DIR$/src/spring-beans-4.1.4.RELEASE.jar!/" />
    </CLASSES>
    <JAVADOC />
    <SOURCES />
  </library>
</component>